<?xml version="1.0" encoding="UTF-8"?>
<!-- Generated by org.testng.reporters.JUnitReportReporter -->
<testsuite hostname="ZAMTN-QA01" name="com.isometrix.testscript.SubModuleTabScript" tests="1" failures="0" timestamp="31 Jul 2017 06:08:10 GMT" time="35.360" errors="0">
  <testcase name="testVerifySuccessfullyAddAfterFillingAllFieldOnSubModuleTab" time="35.360" classname="com.isometrix.testscript.SubModuleTabScript"/>
</testsuite> <!-- com.isometrix.testscript.SubModuleTabScript -->
