<?xml version="1.0" encoding="UTF-8"?>
<!-- Generated by org.testng.reporters.JUnitReportReporter -->
<testsuite hostname="ZAMTN-QA01" name="com.isometrix.testscript.LoginScript" tests="6" failures="0" timestamp="31 Jul 2017 08:16:16 GMT" time="39.304" errors="0">
  <testcase name="testLoginWithBlank" time="6.397" classname="com.isometrix.testscript.LoginScript"/>
  <testcase name="testCancelProcessDuringResetPasswordFromLoginPage" time="5.749" classname="com.isometrix.testscript.LoginScript"/>
  <testcase name="testLoginWithInValidUserName" time="7.149" classname="com.isometrix.testscript.LoginScript"/>
  <testcase name="testResetPasswordFromLoginPage" time="6.712" classname="com.isometrix.testscript.LoginScript"/>
  <testcase name="testValidLogin" time="6.965" classname="com.isometrix.testscript.LoginScript"/>
  <testcase name="testLoginWithInValidPassword" time="6.332" classname="com.isometrix.testscript.LoginScript"/>
</testsuite> <!-- com.isometrix.testscript.LoginScript -->
