<?xml version="1.0" encoding="UTF-8"?>
<!-- Generated by org.testng.reporters.JUnitReportReporter -->
<testsuite hostname="ZAMTN-QA01" name="com.isometrix.admintestscript.OrganisationManagerScript" tests="2" failures="0" timestamp="1 Aug 2017 08:06:24 GMT" time="33.060" errors="0">
  <testcase name="testVerifyAddNewLevelByPlusSign" time="17.602" classname="com.isometrix.admintestscript.OrganisationManagerScript"/>
  <testcase name="testVerifyAddNewLevelByRightClick" time="15.458" classname="com.isometrix.admintestscript.OrganisationManagerScript"/>
</testsuite> <!-- com.isometrix.admintestscript.OrganisationManagerScript -->
