<?xml version="1.0" encoding="UTF-8"?>
<!-- Generated by org.testng.reporters.JUnitReportReporter -->
<testsuite hostname="360NDCPC064" name="com.psdsmres.testscript.PSDS_Test" tests="1" failures="0" timestamp="10 May 2018 10:59:58 GMT" time="13.467" errors="0">
  <testcase name="init" time="13.467" classname="com.psdsmres.testscript.PSDS_Test"/>
</testsuite> <!-- com.psdsmres.testscript.PSDS_Test -->
